  main.cpp
C:\Users\Arsenii\source\repos\Pong\src\main.cpp(49,47): warning C4244: 'argument': conversion from 'int' to 'float', possible loss of data
C:\Users\Arsenii\source\repos\Pong\src\main.cpp(49,32): warning C4244: 'argument': conversion from 'int' to 'float', possible loss of data
C:\Users\Arsenii\source\repos\Pong\src\main.cpp(54,32): warning C4244: 'argument': conversion from 'int' to 'float', possible loss of data
C:\Users\Arsenii\source\repos\Pong\src\main.cpp(55,23): warning C4244: 'argument': conversion from 'int' to 'float', possible loss of data
C:\Users\Arsenii\source\repos\Pong\src\main.cpp(60,47): warning C4244: 'argument': conversion from 'int' to 'float', possible loss of data
C:\Users\Arsenii\source\repos\Pong\src\main.cpp(60,32): warning C4244: 'argument': conversion from 'int' to 'float', possible loss of data
C:\Users\Arsenii\source\repos\Pong\src\main.cpp(61,23): warning C4244: 'argument': conversion from 'int' to 'float', possible loss of data
C:\Users\Arsenii\source\repos\Pong\src\main.cpp(66,37): warning C4244: 'argument': conversion from 'int' to 'float', possible loss of data
C:\Users\Arsenii\source\repos\Pong\src\main.cpp(78,49): warning C4244: 'argument': conversion from 'int' to 'float', possible loss of data
C:\Users\Arsenii\source\repos\Pong\src\main.cpp(78,33): warning C4244: 'argument': conversion from 'int' to 'float', possible loss of data
C:\Users\Arsenii\source\repos\Pong\src\main.cpp(89,49): warning C4244: 'argument': conversion from 'int' to 'float', possible loss of data
C:\Users\Arsenii\source\repos\Pong\src\main.cpp(89,33): warning C4244: 'argument': conversion from 'int' to 'float', possible loss of data
C:\Program Files (x86)\Microsoft Visual Studio\2019\Community\VC\Tools\MSVC\14.24.28314\include\xmemory(204,33): warning C4244: 'argument': conversion from '_Ty' to 'float', possible loss of data
          with
          [
              _Ty=int
          ]
C:\Program Files (x86)\Microsoft Visual Studio\2019\Community\VC\Tools\MSVC\14.24.28314\include\memory(1490): message : see reference to function template instantiation 'void std::_Construct_in_place<_Ty,Vector2D,int,const char(&)[5]>(_Ty &,Vector2D &&,int &&,const char (&)[5]) noexcept(false)' being compiled
          with
          [
              _Ty=Ball
          ]
C:\Program Files (x86)\Microsoft Visual Studio\2019\Community\VC\Tools\MSVC\14.24.28314\include\memory(1590): message : see reference to function template instantiation 'std::_Ref_count_obj2<_Ty>::_Ref_count_obj2<Vector2D,int,const char(&)[5]>(Vector2D &&,int &&,const char (&)[5])' being compiled
          with
          [
              _Ty=Ball
          ]
C:\Program Files (x86)\Microsoft Visual Studio\2019\Community\VC\Tools\MSVC\14.24.28314\include\memory(1591): message : see reference to function template instantiation 'std::_Ref_count_obj2<_Ty>::_Ref_count_obj2<Vector2D,int,const char(&)[5]>(Vector2D &&,int &&,const char (&)[5])' being compiled
          with
          [
              _Ty=Ball
          ]
C:\Users\Arsenii\source\repos\Pong\src\main.cpp(51): message : see reference to function template instantiation 'std::shared_ptr<Ball> std::make_shared<Ball,Vector2D,int,const char(&)[5]>(Vector2D &&,int &&,const char (&)[5])' being compiled
C:\Program Files (x86)\Microsoft Visual Studio\2019\Community\VC\Tools\MSVC\14.24.28314\include\filesystem(2087): message : see reference to class template instantiation 'std::chrono::time_point<std::filesystem::_File_time_clock,std::chrono::duration<std::chrono::system_clock::rep,std::chrono::system_clock::period>>' being compiled
C:\Program Files (x86)\Microsoft Visual Studio\2019\Community\VC\Tools\MSVC\14.24.28314\include\xstring(1743): message : see reference to class template instantiation 'std::basic_string_view<wchar_t,std::char_traits<wchar_t>>' being compiled
  Pong.vcxproj -> C:\Users\Arsenii\source\repos\Pong\Debug\Pong.exe
